0 info it worked if it ends with ok
1 verbose cli [ '/home/simdax/.nvm/versions/node/v7.2.1/bin/node',
1 verbose cli   '/home/simdax/.nvm/versions/node/v7.2.1/bin/npm',
1 verbose cli   'start' ]
2 info using npm@3.10.10
3 info using node@v7.2.1
4 verbose stack Error: Failed to parse json
4 verbose stack Unexpected end of input at 24:2
4 verbose stack
4 verbose stack ^
4 verbose stack     at parseError (/home/simdax/.nvm/versions/node/v7.2.1/lib/node_modules/npm/node_modules/read-package-json/read-json.js:390:11)
4 verbose stack     at parseJson (/home/simdax/.nvm/versions/node/v7.2.1/lib/node_modules/npm/node_modules/read-package-json/read-json.js:79:23)
4 verbose stack     at /home/simdax/.nvm/versions/node/v7.2.1/lib/node_modules/npm/node_modules/read-package-json/read-json.js:48:5
4 verbose stack     at /home/simdax/.nvm/versions/node/v7.2.1/lib/node_modules/npm/node_modules/graceful-fs/graceful-fs.js:78:16
4 verbose stack     at tryToString (fs.js:425:3)
4 verbose stack     at FSReqWrap.readFileAfterClose [as oncomplete] (fs.js:412:12)
5 verbose cwd /home/simdax/3wa
6 error Linux 4.4.0-71-lowlatency
7 error argv "/home/simdax/.nvm/versions/node/v7.2.1/bin/node" "/home/simdax/.nvm/versions/node/v7.2.1/bin/npm" "start"
8 error node v7.2.1
9 error npm  v3.10.10
10 error file /home/simdax/3wa/package.json
11 error code EJSONPARSE
12 error Failed to parse json
12 error Unexpected end of input at 24:2
12 error
12 error ^
13 error File: /home/simdax/3wa/package.json
14 error Failed to parse package.json data.
14 error package.json must be actual JSON, not just JavaScript.
14 error
14 error This is not a bug in npm.
14 error Tell the package author to fix their package.json file. JSON.parse
15 verbose exit [ 1, true ]
